<?xml version="1.0" encoding="UTF-8"?>
<testsuite xmlns:xsi="http://www.w3.org/2001/XMLSchema-instance" xsi:noNamespaceSchemaLocation="https://maven.apache.org/surefire/maven-surefire-plugin/xsd/surefire-test-report-3.0.xsd" version="3.0" name="com.CC.FaindMap.WebApp.ApplicationTests" time="9.584" tests="1" errors="0" skipped="0" failures="0">
  <properties>
[...]
</properties>
  <testcase name="contextLoads" classname="com.CC.FaindMap.WebApp.ApplicationTests" time="1.907">
    <system-out><![CDATA[17:24:38.029 [main] INFO org.springframework.test.context.support.AnnotationConfigContextLoaderUtils -- Could not detect default configuration classes for test class [com.CC.FaindMap.WebApp.ApplicationTests]: ApplicationTests does not declare any static, non-private, non-final, nested classes annotated with @Configuration.
17:24:38.572 [main] INFO org.springframework.boot.test.context.SpringBootTestContextBootstrapper -- Found @SpringBootConfiguration com.CC.FaindMap.WebApp.Application for test class com.CC.FaindMap.WebApp.ApplicationTests
17:24:39.119 [main] INFO org.springframework.boot.devtools.restart.RestartApplicationListener -- Restart disabled due to context in which it is running

  .   ____          _            __ _ _
 /\\ / ___'_ __ _ _(_)_ __  __ _ \ \ \ \
( ( )\___ | '_ | '_| | '_ \/ _` | \ \ \ \
 \\/  ___)| |_)| | | | | || (_| |  ) ) ) )
  '  |____| .__|_| |_|_| |_\__, | / / / /
 =========|_|==============|___/=/_/_/_/
 :: Spring Boot ::                (v3.1.5)

2023-11-15T17:24:39.742-03:00  INFO 8336 --- [           main] c.CC.FaindMap.WebApp.ApplicationTests    : Starting ApplicationTests using Java 19.0.2 with PID 8336 (started by Rafael in C:\FAINDMAPS\FaindMap.WebApp)
2023-11-15T17:24:39.744-03:00  INFO 8336 --- [           main] c.CC.FaindMap.WebApp.ApplicationTests    : No active profile set, falling back to 1 default profile: "default"
2023-11-15T17:24:45.089-03:00  INFO 8336 --- [           main] c.CC.FaindMap.WebApp.ApplicationTests    : Started ApplicationTests in 6.072 seconds (process running for 9.859)
]]></system-out>
  </testcase>
</testsuite>